

Started GET "/articles/15" for 127.0.0.1 at 2014-05-31 15:40:30 -0400

ActionController::RoutingError (No route matches [GET] "/articles/15"):
  actionpack (4.1.0) lib/action_dispatch/middleware/debug_exceptions.rb:21:in `call'
  actionpack (4.1.0) lib/action_dispatch/middleware/show_exceptions.rb:30:in `call'
  railties (4.1.0) lib/rails/rack/logger.rb:38:in `call_app'
  railties (4.1.0) lib/rails/rack/logger.rb:20:in `block in call'
  activesupport (4.1.0) lib/active_support/tagged_logging.rb:68:in `block in tagged'
  activesupport (4.1.0) lib/active_support/tagged_logging.rb:26:in `tagged'
  activesupport (4.1.0) lib/active_support/tagged_logging.rb:68:in `tagged'
  railties (4.1.0) lib/rails/rack/logger.rb:20:in `call'
  actionpack (4.1.0) lib/action_dispatch/middleware/request_id.rb:21:in `call'
  rack (1.5.2) lib/rack/methodoverride.rb:21:in `call'
  rack (1.5.2) lib/rack/runtime.rb:17:in `call'
  activesupport (4.1.0) lib/active_support/cache/strategy/local_cache_middleware.rb:26:in `call'
  rack (1.5.2) lib/rack/lock.rb:17:in `call'
  actionpack (4.1.0) lib/action_dispatch/middleware/static.rb:64:in `call'
  rack (1.5.2) lib/rack/sendfile.rb:112:in `call'
  railties (4.1.0) lib/rails/engine.rb:514:in `call'
  railties (4.1.0) lib/rails/application.rb:144:in `call'
  rack (1.5.2) lib/rack/lock.rb:17:in `call'
  rack (1.5.2) lib/rack/content_length.rb:14:in `call'
  rack (1.5.2) lib/rack/handler/webrick.rb:60:in `service'
  /home/huffd/.rbenv/versions/2.1.1/lib/ruby/2.1.0/webrick/httpserver.rb:138:in `service'
  /home/huffd/.rbenv/versions/2.1.1/lib/ruby/2.1.0/webrick/httpserver.rb:94:in `run'
  /home/huffd/.rbenv/versions/2.1.1/lib/ruby/2.1.0/webrick/server.rb:295:in `block in start_thread'


  Rendered /home/huffd/.rbenv/versions/2.1.1/lib/ruby/gems/2.1.0/gems/actionpack-4.1.0/lib/action_dispatch/middleware/templates/rescues/_trace.html.erb (1.6ms)
  Rendered /home/huffd/.rbenv/versions/2.1.1/lib/ruby/gems/2.1.0/gems/actionpack-4.1.0/lib/action_dispatch/middleware/templates/routes/_table.html.erb (48.9ms)
  Rendered /home/huffd/.rbenv/versions/2.1.1/lib/ruby/gems/2.1.0/gems/actionpack-4.1.0/lib/action_dispatch/middleware/templates/rescues/routing_error.html.erb within rescues/layout (97.8ms)


Started GET "/" for 127.0.0.1 at 2014-05-31 15:40:39 -0400
Processing by Rails::WelcomeController#index as HTML
  Rendered /home/huffd/.rbenv/versions/2.1.1/lib/ruby/gems/2.1.0/gems/railties-4.1.0/lib/rails/templates/rails/welcome/index.html.erb (2.7ms)
Completed 200 OK in 67ms (Views: 42.3ms | ActiveRecord: 0.0ms)
  [1m[36m (1903.4ms)[0m  [1mCREATE TABLE "schema_migrations" ("version" varchar(255) NOT NULL) [0m
  [1m[35m (0.3ms)[0m  select sqlite_version(*)
  [1m[36m (220.2ms)[0m  [1mCREATE UNIQUE INDEX "unique_schema_migrations" ON "schema_migrations" ("version")[0m
  [1m[35mActiveRecord::SchemaMigration Load (0.4ms)[0m  SELECT "schema_migrations".* FROM "schema_migrations"
Migrating to CreateUsers (20140531194726)
  [1m[36m (0.2ms)[0m  [1mbegin transaction[0m
  [1m[35m (1.2ms)[0m  CREATE TABLE "users" ("id" INTEGER PRIMARY KEY AUTOINCREMENT NOT NULL, "name" varchar(255), "email" varchar(255), "created_at" datetime, "updated_at" datetime) 
  [1m[36mSQL (0.3ms)[0m  [1mINSERT INTO "schema_migrations" ("version") VALUES (?)[0m  [["version", "20140531194726"]]
  [1m[35m (209.4ms)[0m  commit transaction
  [1m[36mActiveRecord::SchemaMigration Load (0.2ms)[0m  [1mSELECT "schema_migrations".* FROM "schema_migrations"[0m


Started GET "/users" for 127.0.0.1 at 2014-05-31 15:49:53 -0400
  [1m[36mActiveRecord::SchemaMigration Load (0.2ms)[0m  [1mSELECT "schema_migrations".* FROM "schema_migrations"[0m
Processing by UsersController#index as HTML
  [1m[35mUser Load (0.2ms)[0m  SELECT "users".* FROM "users"
  Rendered users/index.html.erb within layouts/application (2.2ms)
Completed 200 OK in 3274ms (Views: 3271.3ms | ActiveRecord: 0.2ms)


Started GET "/assets/scaffolds.css?body=1" for 127.0.0.1 at 2014-05-31 15:49:57 -0400


Started GET "/assets/users.css?body=1" for 127.0.0.1 at 2014-05-31 15:49:57 -0400


Started GET "/assets/jquery.js?body=1" for 127.0.0.1 at 2014-05-31 15:49:57 -0400


Started GET "/assets/users.js?body=1" for 127.0.0.1 at 2014-05-31 15:49:57 -0400


Started GET "/assets/application.css?body=1" for 127.0.0.1 at 2014-05-31 15:49:57 -0400


Started GET "/assets/jquery_ujs.js?body=1" for 127.0.0.1 at 2014-05-31 15:49:57 -0400


Started GET "/assets/turbolinks.js?body=1" for 127.0.0.1 at 2014-05-31 15:49:57 -0400


Started GET "/assets/application.js?body=1" for 127.0.0.1 at 2014-05-31 15:49:57 -0400


Started GET "/users/new" for 127.0.0.1 at 2014-05-31 15:52:53 -0400
Processing by UsersController#new as HTML
  Rendered users/_form.html.erb (72.0ms)
  Rendered users/new.html.erb within layouts/application (74.2ms)
Completed 200 OK in 85ms (Views: 80.7ms | ActiveRecord: 0.5ms)


Started GET "/users" for 127.0.0.1 at 2014-05-31 15:52:56 -0400
Processing by UsersController#index as HTML
  [1m[36mUser Load (0.5ms)[0m  [1mSELECT "users".* FROM "users"[0m
  Rendered users/index.html.erb within layouts/application (4.9ms)
Completed 200 OK in 17ms (Views: 13.7ms | ActiveRecord: 0.5ms)


Started GET "/users/new" for 127.0.0.1 at 2014-05-31 16:26:07 -0400
Processing by UsersController#new as HTML
  Rendered users/_form.html.erb (3.6ms)
  Rendered users/new.html.erb within layouts/application (5.0ms)
Completed 200 OK in 15ms (Views: 12.8ms | ActiveRecord: 0.0ms)


Started POST "/users" for 127.0.0.1 at 2014-05-31 16:26:17 -0400
Processing by UsersController#create as HTML
  Parameters: {"utf8"=>"✓", "authenticity_token"=>"v9cUfHqmDOOaqLrmcnHHNtVNcHae8xNyivBpmXJp7BA=", "user"=>{"name"=>"Dave Huff", "email"=>"Da"}, "commit"=>"Create User"}
  [1m[35m (0.3ms)[0m  begin transaction
  [1m[36mSQL (1.3ms)[0m  [1mINSERT INTO "users" ("created_at", "email", "name", "updated_at") VALUES (?, ?, ?, ?)[0m  [["created_at", "2014-05-31 20:26:17.888454"], ["email", "Da"], ["name", "Dave Huff"], ["updated_at", "2014-05-31 20:26:17.888454"]]
  [1m[35m (343.7ms)[0m  commit transaction
Redirected to http://localhost:3000/users/1
Completed 302 Found in 413ms (ActiveRecord: 345.3ms)


Started GET "/users/1" for 127.0.0.1 at 2014-05-31 16:26:18 -0400
Processing by UsersController#show as HTML
  Parameters: {"id"=>"1"}
  [1m[36mUser Load (0.3ms)[0m  [1mSELECT  "users".* FROM "users"  WHERE "users"."id" = ? LIMIT 1[0m  [["id", 1]]
  Rendered users/show.html.erb within layouts/application (1.5ms)
Completed 200 OK in 15ms (Views: 7.7ms | ActiveRecord: 0.3ms)


Started GET "/assets/scaffolds.css?body=1" for 127.0.0.1 at 2014-05-31 16:26:18 -0400


Started GET "/assets/jquery.js?body=1" for 127.0.0.1 at 2014-05-31 16:26:18 -0400


Started GET "/assets/users.css?body=1" for 127.0.0.1 at 2014-05-31 16:26:18 -0400


Started GET "/assets/jquery_ujs.js?body=1" for 127.0.0.1 at 2014-05-31 16:26:18 -0400


Started GET "/assets/application.css?body=1" for 127.0.0.1 at 2014-05-31 16:26:18 -0400


Started GET "/assets/turbolinks.js?body=1" for 127.0.0.1 at 2014-05-31 16:26:18 -0400


Started GET "/assets/users.js?body=1" for 127.0.0.1 at 2014-05-31 16:26:18 -0400


Started GET "/assets/application.js?body=1" for 127.0.0.1 at 2014-05-31 16:26:18 -0400


Started GET "/users/1/edit" for 127.0.0.1 at 2014-05-31 16:26:21 -0400
Processing by UsersController#edit as HTML
  Parameters: {"id"=>"1"}
  [1m[35mUser Load (0.1ms)[0m  SELECT  "users".* FROM "users"  WHERE "users"."id" = ? LIMIT 1  [["id", 1]]
  Rendered users/_form.html.erb (3.9ms)
  Rendered users/edit.html.erb within layouts/application (6.2ms)
Completed 200 OK in 14ms (Views: 12.2ms | ActiveRecord: 0.1ms)


Started PATCH "/users/1" for 127.0.0.1 at 2014-05-31 16:26:29 -0400
Processing by UsersController#update as HTML
  Parameters: {"utf8"=>"✓", "authenticity_token"=>"v9cUfHqmDOOaqLrmcnHHNtVNcHae8xNyivBpmXJp7BA=", "user"=>{"name"=>"Dave Huff", "email"=>"David.Huff@computer-critters.com"}, "commit"=>"Update User", "id"=>"1"}
  [1m[36mUser Load (0.3ms)[0m  [1mSELECT  "users".* FROM "users"  WHERE "users"."id" = ? LIMIT 1[0m  [["id", 1]]
  [1m[35m (0.1ms)[0m  begin transaction
  [1m[36mSQL (0.6ms)[0m  [1mUPDATE "users" SET "email" = ?, "updated_at" = ? WHERE "users"."id" = 1[0m  [["email", "David.Huff@computer-critters.com"], ["updated_at", "2014-05-31 20:26:29.469214"]]
  [1m[35m (364.9ms)[0m  commit transaction
Redirected to http://localhost:3000/users/1
Completed 302 Found in 376ms (ActiveRecord: 365.8ms)


Started GET "/users/1" for 127.0.0.1 at 2014-05-31 16:26:29 -0400
Processing by UsersController#show as HTML
  Parameters: {"id"=>"1"}
  [1m[36mUser Load (0.3ms)[0m  [1mSELECT  "users".* FROM "users"  WHERE "users"."id" = ? LIMIT 1[0m  [["id", 1]]
  Rendered users/show.html.erb within layouts/application (0.6ms)
Completed 200 OK in 13ms (Views: 8.4ms | ActiveRecord: 0.3ms)


Started GET "/assets/scaffolds.css?body=1" for 127.0.0.1 at 2014-05-31 16:26:30 -0400


Started GET "/assets/jquery_ujs.js?body=1" for 127.0.0.1 at 2014-05-31 16:26:30 -0400


Started GET "/assets/users.css?body=1" for 127.0.0.1 at 2014-05-31 16:26:30 -0400


Started GET "/assets/turbolinks.js?body=1" for 127.0.0.1 at 2014-05-31 16:26:30 -0400


Started GET "/assets/jquery.js?body=1" for 127.0.0.1 at 2014-05-31 16:26:30 -0400


Started GET "/assets/application.css?body=1" for 127.0.0.1 at 2014-05-31 16:26:30 -0400


Started GET "/assets/application.js?body=1" for 127.0.0.1 at 2014-05-31 16:26:30 -0400


Started GET "/assets/users.js?body=1" for 127.0.0.1 at 2014-05-31 16:26:30 -0400


Started GET "/users" for 127.0.0.1 at 2014-05-31 16:26:37 -0400
Processing by UsersController#index as HTML
  [1m[35mUser Load (0.2ms)[0m  SELECT "users".* FROM "users"
  Rendered users/index.html.erb within layouts/application (2.0ms)
Completed 200 OK in 10ms (Views: 8.3ms | ActiveRecord: 0.2ms)


Started GET "/users/1" for 127.0.0.1 at 2014-05-31 16:26:43 -0400
Processing by UsersController#show as HTML
  Parameters: {"id"=>"1"}
  [1m[36mUser Load (0.2ms)[0m  [1mSELECT  "users".* FROM "users"  WHERE "users"."id" = ? LIMIT 1[0m  [["id", 1]]
  Rendered users/show.html.erb within layouts/application (1.4ms)
Completed 200 OK in 10ms (Views: 7.5ms | ActiveRecord: 0.2ms)


Started GET "/users" for 127.0.0.1 at 2014-05-31 16:26:48 -0400
Processing by UsersController#index as HTML
  [1m[35mUser Load (0.2ms)[0m  SELECT "users".* FROM "users"
  Rendered users/index.html.erb within layouts/application (2.0ms)
Completed 200 OK in 11ms (Views: 8.3ms | ActiveRecord: 0.2ms)


Started GET "/users/new" for 127.0.0.1 at 2014-05-31 16:26:50 -0400
Processing by UsersController#new as HTML
  Rendered users/_form.html.erb (3.3ms)
  Rendered users/new.html.erb within layouts/application (4.9ms)
Completed 200 OK in 16ms (Views: 13.3ms | ActiveRecord: 0.0ms)


Started POST "/users" for 127.0.0.1 at 2014-05-31 16:27:27 -0400
Processing by UsersController#create as HTML
  Parameters: {"utf8"=>"✓", "authenticity_token"=>"v9cUfHqmDOOaqLrmcnHHNtVNcHae8xNyivBpmXJp7BA=", "user"=>{"name"=>"too funny", "email"=>"laughing@you.com"}, "commit"=>"Create User"}
  [1m[36m (0.2ms)[0m  [1mbegin transaction[0m
  [1m[35mSQL (3.3ms)[0m  INSERT INTO "users" ("created_at", "email", "name", "updated_at") VALUES (?, ?, ?, ?)  [["created_at", "2014-05-31 20:27:27.399246"], ["email", "laughing@you.com"], ["name", "too funny"], ["updated_at", "2014-05-31 20:27:27.399246"]]
  [1m[36m (2641.4ms)[0m  [1mcommit transaction[0m
Redirected to http://localhost:3000/users/2
Completed 302 Found in 2655ms (ActiveRecord: 2645.0ms)


Started GET "/users/2" for 127.0.0.1 at 2014-05-31 16:27:30 -0400
Processing by UsersController#show as HTML
  Parameters: {"id"=>"2"}
  [1m[35mUser Load (0.2ms)[0m  SELECT  "users".* FROM "users"  WHERE "users"."id" = ? LIMIT 1  [["id", 2]]
  Rendered users/show.html.erb within layouts/application (0.7ms)
Completed 200 OK in 9ms (Views: 6.7ms | ActiveRecord: 0.2ms)


Started GET "/assets/scaffolds.css?body=1" for 127.0.0.1 at 2014-05-31 16:27:30 -0400


Started GET "/assets/users.css?body=1" for 127.0.0.1 at 2014-05-31 16:27:30 -0400


Started GET "/assets/application.css?body=1" for 127.0.0.1 at 2014-05-31 16:27:30 -0400


Started GET "/assets/jquery.js?body=1" for 127.0.0.1 at 2014-05-31 16:27:30 -0400


Started GET "/assets/users.js?body=1" for 127.0.0.1 at 2014-05-31 16:27:30 -0400


Started GET "/assets/jquery_ujs.js?body=1" for 127.0.0.1 at 2014-05-31 16:27:30 -0400


Started GET "/assets/turbolinks.js?body=1" for 127.0.0.1 at 2014-05-31 16:27:30 -0400


Started GET "/assets/application.js?body=1" for 127.0.0.1 at 2014-05-31 16:27:30 -0400
